"13","06","2005",0,"",6,"Amalgama compleja  DO 26",0,2,0,0,5,26,0,0,140000,0,"ACT"
"13","06","2005",0,"",8000,"xx Pago",0,0,0,0,0,0,0,0,0,107000,"ACT"
"08","07","2005",0,"",8000,"xx Pago",0,0,0,0,0,0,0,0,0,33000,"ACT"
"02","02","2006",0,"",110,"Extraccion dentaria   28",0,0,0,0,0,28,0,0,70000,0,"ACT"
"03","03","2006",0,"",8000,"xx Pago",0,0,0,0,0,0,0,0,0,70000,"ACT"
"04","04","2006",0,"",110,"Extraccion dentaria   18",0,0,0,0,0,18,0,0,80000,0,"ACT"
"04","04","2006",0,"",8000,"xx Pago",0,0,0,0,0,0,0,0,0,80000,"ACT"
"28","08","2008",0,"",6,"Amalgama compleja  DO 26",0,2,0,0,5,26,0,0,180000,0,"ACT"
"18","09","2008",0,"",8000,"xx Pago",0,0,0,0,0,0,0,0,0,100000,"ACT"
"18","09","2008",0,"",8,"Resina compleja anterior  DL 11",0,2,0,4,0,11,0,0,220000,0,"ACT"
"15","10","2008",0,"",204,"Resina compleja posterior  MO 46",1,0,0,0,5,46,0,0,220000,0,"ACT"
"15","10","2008",0,"",8000,"xx Pago",0,0,0,0,0,0,0,0,0,300000,"ACT"
"06","11","2008",0,"",8000,"xx Pago",0,0,0,0,0,0,0,0,0,220000,"ACT"
"06","11","2008",0,"",9000,"Ortodoncia sup e inferior  ",0,0,0,0,0,999,0,0,4500000,0,"ACT"
"02","12","2008",0,"",8000,"xx Pago",0,0,0,0,0,0,0,0,0,250000,"ACT"
"08","01","2009",0,"",8000,"xx Pago",0,0,0,0,0,0,0,0,0,250000,"ACT"
"02","03","2009",0,"",8000,"xx Pago",0,0,0,0,0,0,0,0,0,250000,"ACT"
"02","04","2009",0,"",8000,"xx Pago",0,0,0,0,0,0,0,0,0,250000,"ACT"
"11","05","2009",0,"",8000,"xx Pago",0,0,0,0,0,0,0,0,0,250000,"ACT"
"10","06","2009",0,"",112,"Extraccion de retenido   48",0,0,0,0,0,48,0,0,320000,0,"ACT"
"20","07","2009",0,"",8000,"xx Pago",0,0,0,0,0,0,0,0,0,500000,"ACT"
"27","10","2009",0,"",8000,"xx Pago",0,0,0,0,0,0,0,0,0,2500000,"ACT"
"27","10","2009",0,"",9000,"Error de pago  ",0,0,0,0,0,999,0,0,2500000,0,"ACT"
"27","10","2009",0,"",8000,"xx Pago",0,0,0,0,0,0,0,0,0,250000,"ACT"
"07","09","2010",0,"",8000,"xx Pago",0,0,0,0,0,0,0,0,0,250000,"ACT"
"07","10","2010",0,"",8000,"xx Pago",0,0,0,0,0,0,0,0,0,250000,"ACT"
"05","11","2010",0,"",8000,"xx Pago",0,0,0,0,0,0,0,0,0,2500000,"ACT"
"05","11","2010",0,"",9000,"Error de pago  ",0,0,0,0,0,999,0,0,2500000,0,"ACT"
"05","11","2010",0,"",8000,"xx Pago",0,0,0,0,0,0,0,0,0,250000,"ACT"
"02","12","2010",0,"",8000,"xx Pago",0,0,0,0,0,0,0,0,0,200000,"ACT"
"02","12","2010",0,"",8000,"xx Pago",0,0,0,0,0,0,0,0,0,50000,"ACT"
"03","12","2010",0,"",201,"Blanqueo dentario c/cubeta  ",0,0,0,0,0,0,0,0,540000,0,"ACT"
"22","12","2010",0,"",8000,"xx Pago",0,0,0,0,0,0,0,0,0,700000,"ACT"
"24","01","2011",0,"",8,"Resina compleja anterior  MO 11",1,0,0,0,5,11,0,0,220000,0,"ACT"
"24","01","2011",0,"",8,"Resina compleja anterior  MO 21",1,0,0,0,5,21,0,0,220000,0,"ACT"
"24","01","2011",0,"",8000,"xx Pago",0,0,0,0,0,0,0,0,0,500000,"ACT"
"14","06","2011",0,"",7,"Resina simple anterior  O 11",0,0,0,0,5,11,0,0,160000,0,"ACT"
"14","06","2011",0,"",8000,"xx Pago",0,0,0,0,0,0,0,0,0,1760000,"ACT"
"23","06","2011",0,"",204,"Resina compleja posterior  MO 14",1,0,0,0,5,14,0,0,220000,0,"ACT"
"23","06","2011",0,"",8000,"xx Pago",0,0,0,0,0,0,0,0,0,220000,"ACT"
"12","12","2011",0,"",7,"Resina simple anterior  V 11",0,0,3,0,0,11,0,0,160000,0,"ACT"
"12","12","2011",0,"",8000,"xx Pago",0,0,0,0,0,0,0,0,0,120000,"ACT"
"15","12","2011",0,"",274,"Placa relajacion  ",0,0,0,0,0,0,0,0,390000,0,"ACT"
"15","12","2011",0,"",203,"Resina simple posterior  O 37",0,0,0,0,5,37,0,0,160000,0,"ACT"
"15","12","2011",0,"",8000,"xx Pago",0,0,0,0,0,0,0,0,0,100000,"ACT"
"16","12","2011",0,"",99,"Radiografia periapical   37",0,0,0,0,0,37,0,0,40000,0,"ACT"
"19","01","2012",0,"",204,"Resina compleja posterior  MO 27",1,0,0,0,5,27,0,0,220000,0,"ACT"
"19","01","2012",0,"",8000,"xx Pago",0,0,0,0,0,0,0,0,0,300000,"ACT"
"20","01","2012",0,"",204,"Resina compleja posterior  DO 25",0,2,0,0,5,25,0,0,220000,0,"ACT"
"20","01","2012",0,"",8000,"xx Pago",0,0,0,0,0,0,0,0,0,50000,"ACT"
"30","01","2012",0,"",256,"Retrat.multirradicular   26",0,0,0,0,0,26,0,0,540000,0,"ACT"
"22","03","2012",0,"",8000,"xx Pago",0,0,0,0,0,0,0,0,0,100000,"ACT"
"28","03","2012",0,"",26,"Perno simple  (Cem.)  26",0,0,0,0,0,26,0,0,210000,0,"ACT"
"28","03","2012",0,"",8000,"xx Pago",0,0,0,0,0,0,0,0,0,200000,"ACT"
"10","07","2012",0,"",8000,"xx Pago",0,0,0,0,0,0,0,0,0,500000,"ACT"
"19","07","2012",0,"",8000,"xx Pago",0,0,0,0,0,0,0,0,0,100000,"ACT"
"19","07","2012",0,"",14,"Reconst.angulo c/resina  M 21",1,0,0,0,0,21,0,0,210000,0,"ACT"
"16","10","2012",0,"",8000,"xx Pago",0,0,0,0,0,0,0,0,0,100000,"ACT"
"01","11","2012",0,"",9000,"Jeringa blanqueamiento	  ",0,0,0,0,0,999,0,0,80000,0,"ACT"
"04","12","2012",0,"",8000,"xx Pago",0,0,0,0,0,0,0,0,0,200000,"ACT"
"21","12","2012",0,"",39,"Corona porc/metal  (Cem.)  26",0,0,0,0,0,26,0,0,760000,0,"ACT"
"21","12","2012",0,"",8000,"xx Pago",0,0,0,0,0,0,0,0,0,300000,"ACT"
"27","03","2013",0,"",8000,"xx Pago",0,0,0,0,0,0,0,0,0,200000,"ACT"
"05","07","2013",0,"",8000,"xx Pago",0,0,0,0,0,0,0,0,0,300000,"ACT"
"05","05","2015",0,"",8000,"xx Pago",0,0,0,0,0,0,0,0,0,140000,"ACT"
"17","05","2015",0,"",201,"Blanqueo dentario c/cubeta  ",0,0,0,0,0,0,0,0,520000,0,"ACT"
"14","05","2015",0,"",8000,"xx Pago",0,0,0,0,0,0,0,0,0,200000,"ACT"
"27","05","2015",0,"",204,"Resina compleja posterior  MO 15",1,0,0,0,5,15,0,0,240000,0,"ACT"
"27","05","2015",0,"",8000,"xx Pago",0,0,0,0,0,0,0,0,0,130000,"ACT"
"29","05","2015",0,"",254,"Retrat.unirradicular   11",0,0,0,0,0,11,0,0,540000,0,"ACT"
"05","08","2015",0,"",8000,"xx Pago",0,0,0,0,0,0,0,0,0,510000,"ACT"
"01","02","2016",0,"",8000,"xx Pago",0,0,0,0,0,0,0,0,0,500000,"ACT"
"01","02","2016",0,"",8000,"xx Pago",0,0,0,0,0,0,0,0,0,100000,"ACT"
"13","04","2016",0,"",201,"Blanqueo dentario c/cubeta  ",0,0,0,0,0,0,0,0,720000,0,"ACT"
"13","04","2016",0,"",8000,"xx Pago",0,0,0,0,0,0,0,0,0,200000,"ACT"
"08","06","2015",0,"",38,"Corona porcelana  (Cem.)  11",0,0,0,0,0,11,0,0,1440000,0,"ACT"
"08","06","2015",0,"",38,"Corona porcelana  (Cem.)  21",0,0,0,0,0,21,0,0,1440000,0,"ACT"
"08","06","2015",0,"",26,"Perno simple  (Cem.)  11",0,0,0,0,0,11,0,0,230000,0,"ACT"
"23","04","2016",0,"",18,"Incrustacion porcelana  MO 14",1,0,0,0,5,14,0,0,1020000,0,"ACT"
"29","04","2016",0,"",8000,"xx Pago",0,0,0,0,0,0,0,0,0,200000,"ACT"
"05","07","2016",0,"",8000,"xx Pago",0,0,0,0,0,0,0,0,0,300000,"ACT"
"24","08","2016",0,"",8000,"xx Pago",0,0,0,0,0,0,0,0,0,200000,"ACT"
"12","09","2016",0,"",8000,"xx Pago",0,0,0,0,0,0,0,0,0,200000,"ACT"
"14","11","2016",0,"",8000,"xx Pago",0,0,0,0,0,0,0,0,0,300000,"ACT"
"04","01","2017",0,"",8000,"xx Pago",0,0,0,0,0,0,0,0,0,100000,"ACT"
"10","01","2017",0,"",8000,"xx Pago",0,0,0,0,0,0,0,0,0,200000,"ACT"
"10","01","2017",0,"",254,"Retrat.unirradicular   15",0,0,0,0,0,15,0,0,540000,0,"ACT"
"26","01","2017",0,"",8000,"xx Pago",0,0,0,0,0,0,0,0,0,200000,"ACT"
"26","01","2017",0,"",18,"Incrustacion porcelana  DO 15",0,2,0,0,5,15,0,0,1440000,0,"ACT"
"07","02","2017",0,"",8000,"xx Pago",0,0,0,0,0,0,0,0,0,300000,"ACT"
"20","03","2017",0,"",8000,"xx Pago",0,0,0,0,0,0,0,0,0,400000,"ACT"
"01","01","2002",0,"",8000,"xx Pago",0,0,0,0,0,0,0,0,0,400000,"ACT"
"01","08","2017",0,"",8000,"xx Pago",0,0,0,0,0,0,0,0,0,500000,"ACT"
"08","08","2017",0,"",8000,"xx Pago",0,0,0,0,0,0,0,0,0,550000,"ACT"
"12","09","2017",0,"",8000,"xx Pago",0,0,0,0,0,0,0,0,0,300000,"ACT"
"20","09","2017",0,"",204,"Resina compleja posterior  DO 45",0,2,0,0,5,45,0,0,240000,0,"ACT"
"20","09","2017",0,"",8000,"xx Pago",0,0,0,0,0,0,0,0,0,560000,"ACT"
"05","04","2018",0,"",8000,"xx Pago",0,0,0,0,0,0,0,0,0,545000,"ACT"
"31","07","2018",0,"",8000,"xx Pago",0,0,0,0,0,0,0,0,0,565000,"ACT"
"17","04","2019",0,"",8000,"xx Pago",0,0,0,0,0,0,0,0,0,500000,"ACT"
"17","04","2019",0,"",9000,"Placa nmr   11",0,0,0,0,0,11,0,0,500000,0,"ACT"
"22","04","2019",0,"",8000,"xx Pago",0,0,0,0,0,0,0,0,0,300000,"ACT"
